{"C:\\Users\\userm\\OneDrive\\Desktop\\world-cup-smart-stadium\\server.js": {"path":"C:\\Users\\userm\\OneDrive\\Desktop\\world-cup-smart-stadium\\server.js","statementMap":{"0":{"start":{"line":15,"column":0},"end":{"line":15,"column":16}},"1":{"start":{"line":17,"column":19},"end":{"line":17,"column":49}},"2":{"start":{"line":18,"column":18},"end":{"line":18,"column":42}},"3":{"start":{"line":20,"column":12},"end":{"line":20,"column":21}},"4":{"start":{"line":21,"column":13},"end":{"line":21,"column":37}},"5":{"start":{"line":24,"column":0},"end":{"line":28,"column":2}},"6":{"start":{"line":29,"column":0},"end":{"line":29,"column":16}},"7":{"start":{"line":30,"column":0},"end":{"line":30,"column":23}},"8":{"start":{"line":31,"column":0},"end":{"line":31,"column":48}},"9":{"start":{"line":32,"column":0},"end":{"line":32,"column":24}},"10":{"start":{"line":33,"column":0},"end":{"line":33,"column":15}},"11":{"start":{"line":34,"column":0},"end":{"line":34,"column":15}},"12":{"start":{"line":36,"column":0},"end":{"line":36,"column":74}},"13":{"start":{"line":41,"column":9},"end":{"line":41,"column":13}},"14":{"start":{"line":42,"column":16},"end":{"line":42,"column":42}},"15":{"start":{"line":43,"column":0},"end":{"line":52,"column":1}},"16":{"start":{"line":44,"column":2},"end":{"line":49,"column":3}},"17":{"start":{"line":45,"column":4},"end":{"line":45,"column":46}},"18":{"start":{"line":46,"column":4},"end":{"line":46,"column":69}},"19":{"start":{"line":48,"column":4},"end":{"line":48,"column":74}},"20":{"start":{"line":51,"column":2},"end":{"line":51,"column":90}},"21":{"start":{"line":57,"column":29},"end":{"line":57,"column":34}},"22":{"start":{"line":58,"column":32},"end":{"line":58,"column":34}},"23":{"start":{"line":60,"column":28},"end":{"line":76,"column":2}},"24":{"start":{"line":81,"column":25},"end":{"line":96,"column":1}},"25":{"start":{"line":98,"column":27},"end":{"line":98,"column":31}},"26":{"start":{"line":99,"column":27},"end":{"line":99,"column":29}},"27":{"start":{"line":107,"column":2},"end":{"line":107,"column":85}},"28":{"start":{"line":107,"column":32},"end":{"line":107,"column":85}},"29":{"start":{"line":108,"column":2},"end":{"line":109,"column":87}},"30":{"start":{"line":109,"column":4},"end":{"line":109,"column":87}},"31":{"start":{"line":110,"column":2},"end":{"line":110,"column":80}},"32":{"start":{"line":110,"column":32},"end":{"line":110,"column":80}},"33":{"start":{"line":112,"column":2},"end":{"line":116,"column":3}},"34":{"start":{"line":113,"column":4},"end":{"line":115,"column":5}},"35":{"start":{"line":114,"column":6},"end":{"line":114,"column":76}},"36":{"start":{"line":119,"column":18},"end":{"line":119,"column":53}},"37":{"start":{"line":120,"column":2},"end":{"line":120,"column":39}},"38":{"start":{"line":126,"column":29},"end":{"line":136,"column":1}},"39":{"start":{"line":144,"column":2},"end":{"line":144,"column":44}},"40":{"start":{"line":144,"column":32},"end":{"line":144,"column":44}},"41":{"start":{"line":146,"column":16},"end":{"line":146,"column":20}},"42":{"start":{"line":147,"column":2},"end":{"line":149,"column":3}},"43":{"start":{"line":148,"column":4},"end":{"line":148,"column":53}},"44":{"start":{"line":151,"column":2},"end":{"line":151,"column":17}},"45":{"start":{"line":163,"column":2},"end":{"line":163,"column":58}},"46":{"start":{"line":163,"column":42},"end":{"line":163,"column":58}},"47":{"start":{"line":166,"column":22},"end":{"line":166,"column":60}},"48":{"start":{"line":167,"column":25},"end":{"line":167,"column":60}},"49":{"start":{"line":169,"column":23},"end":{"line":173,"column":4}},"50":{"start":{"line":170,"column":17},"end":{"line":170,"column":71}},"51":{"start":{"line":171,"column":20},"end":{"line":171,"column":75}},"52":{"start":{"line":172,"column":4},"end":{"line":172,"column":33}},"53":{"start":{"line":175,"column":25},"end":{"line":178,"column":3}},"54":{"start":{"line":180,"column":2},"end":{"line":180,"column":45}},"55":{"start":{"line":192,"column":2},"end":{"line":192,"column":25}},"56":{"start":{"line":192,"column":13},"end":{"line":192,"column":25}},"57":{"start":{"line":195,"column":2},"end":{"line":195,"column":48}},"58":{"start":{"line":195,"column":36},"end":{"line":195,"column":48}},"59":{"start":{"line":196,"column":2},"end":{"line":196,"column":48}},"60":{"start":{"line":196,"column":36},"end":{"line":196,"column":48}},"61":{"start":{"line":197,"column":2},"end":{"line":197,"column":61}},"62":{"start":{"line":197,"column":49},"end":{"line":197,"column":61}},"63":{"start":{"line":198,"column":2},"end":{"line":198,"column":48}},"64":{"start":{"line":198,"column":36},"end":{"line":198,"column":48}},"65":{"start":{"line":199,"column":2},"end":{"line":199,"column":48}},"66":{"start":{"line":199,"column":36},"end":{"line":199,"column":48}},"67":{"start":{"line":202,"column":16},"end":{"line":202,"column":34}},"68":{"start":{"line":203,"column":2},"end":{"line":204,"column":16}},"69":{"start":{"line":204,"column":4},"end":{"line":204,"column":16}},"70":{"start":{"line":205,"column":2},"end":{"line":205,"column":98}},"71":{"start":{"line":205,"column":86},"end":{"line":205,"column":98}},"72":{"start":{"line":206,"column":2},"end":{"line":206,"column":78}},"73":{"start":{"line":206,"column":66},"end":{"line":206,"column":78}},"74":{"start":{"line":207,"column":2},"end":{"line":207,"column":83}},"75":{"start":{"line":207,"column":71},"end":{"line":207,"column":83}},"76":{"start":{"line":209,"column":2},"end":{"line":209,"column":14}},"77":{"start":{"line":223,"column":21},"end":{"line":223,"column":23}},"78":{"start":{"line":224,"column":24},"end":{"line":224,"column":86}},"79":{"start":{"line":225,"column":2},"end":{"line":229,"column":3}},"80":{"start":{"line":226,"column":4},"end":{"line":226,"column":58}},"81":{"start":{"line":228,"column":4},"end":{"line":228,"column":87}},"82":{"start":{"line":231,"column":2},"end":{"line":257,"column":2}},"83":{"start":{"line":268,"column":2},"end":{"line":281,"column":3}},"84":{"start":{"line":269,"column":18},"end":{"line":271,"column":5}},"85":{"start":{"line":272,"column":4},"end":{"line":277,"column":18}},"86":{"start":{"line":275,"column":10},"end":{"line":275,"column":105}},"87":{"start":{"line":279,"column":4},"end":{"line":280,"column":103}},"88":{"start":{"line":283,"column":2},"end":{"line":296,"column":3}},"89":{"start":{"line":284,"column":24},"end":{"line":286,"column":5}},"90":{"start":{"line":287,"column":4},"end":{"line":292,"column":18}},"91":{"start":{"line":290,"column":10},"end":{"line":290,"column":130}},"92":{"start":{"line":294,"column":4},"end":{"line":295,"column":110}},"93":{"start":{"line":298,"column":2},"end":{"line":311,"column":3}},"94":{"start":{"line":299,"column":22},"end":{"line":301,"column":5}},"95":{"start":{"line":302,"column":4},"end":{"line":307,"column":18}},"96":{"start":{"line":305,"column":10},"end":{"line":305,"column":99}},"97":{"start":{"line":309,"column":4},"end":{"line":310,"column":106}},"98":{"start":{"line":313,"column":2},"end":{"line":313,"column":64}},"99":{"start":{"line":325,"column":14},"end":{"line":325,"column":39}},"100":{"start":{"line":327,"column":2},"end":{"line":335,"column":3}},"101":{"start":{"line":328,"column":4},"end":{"line":334,"column":6}},"102":{"start":{"line":336,"column":2},"end":{"line":354,"column":3}},"103":{"start":{"line":343,"column":4},"end":{"line":353,"column":6}},"104":{"start":{"line":355,"column":2},"end":{"line":373,"column":3}},"105":{"start":{"line":363,"column":4},"end":{"line":372,"column":6}},"106":{"start":{"line":374,"column":2},"end":{"line":405,"column":3}},"107":{"start":{"line":382,"column":4},"end":{"line":404,"column":6}},"108":{"start":{"line":406,"column":2},"end":{"line":439,"column":3}},"109":{"start":{"line":416,"column":4},"end":{"line":438,"column":6}},"110":{"start":{"line":440,"column":2},"end":{"line":458,"column":3}},"111":{"start":{"line":448,"column":4},"end":{"line":457,"column":6}},"112":{"start":{"line":460,"column":2},"end":{"line":466,"column":4}},"113":{"start":{"line":474,"column":0},"end":{"line":476,"column":3}},"114":{"start":{"line":475,"column":2},"end":{"line":475,"column":94}},"115":{"start":{"line":479,"column":14},"end":{"line":479,"column":33}},"116":{"start":{"line":480,"column":0},"end":{"line":496,"column":3}},"117":{"start":{"line":481,"column":2},"end":{"line":495,"column":3}},"118":{"start":{"line":482,"column":18},"end":{"line":484,"column":5}},"119":{"start":{"line":485,"column":24},"end":{"line":487,"column":5}},"120":{"start":{"line":488,"column":22},"end":{"line":490,"column":5}},"121":{"start":{"line":491,"column":4},"end":{"line":491,"column":48}},"122":{"start":{"line":493,"column":4},"end":{"line":493,"column":53}},"123":{"start":{"line":494,"column":4},"end":{"line":494,"column":74}},"124":{"start":{"line":501,"column":0},"end":{"line":617,"column":3}},"125":{"start":{"line":502,"column":23},"end":{"line":502,"column":31}},"126":{"start":{"line":504,"column":2},"end":{"line":506,"column":3}},"127":{"start":{"line":505,"column":4},"end":{"line":505,"column":90}},"128":{"start":{"line":509,"column":18},"end":{"line":509,"column":47}},"129":{"start":{"line":510,"column":2},"end":{"line":528,"column":3}},"130":{"start":{"line":511,"column":23},"end":{"line":511,"column":53}},"131":{"start":{"line":512,"column":4},"end":{"line":526,"column":5}},"132":{"start":{"line":513,"column":6},"end":{"line":513,"column":57}},"133":{"start":{"line":514,"column":6},"end":{"line":514,"column":49}},"134":{"start":{"line":515,"column":6},"end":{"line":515,"column":48}},"135":{"start":{"line":516,"column":6},"end":{"line":516,"column":25}},"136":{"start":{"line":517,"column":28},"end":{"line":523,"column":7}},"137":{"start":{"line":524,"column":6},"end":{"line":524,"column":90}},"138":{"start":{"line":525,"column":6},"end":{"line":525,"column":23}},"139":{"start":{"line":527,"column":4},"end":{"line":527,"column":38}},"140":{"start":{"line":531,"column":23},"end":{"line":531,"column":61}},"141":{"start":{"line":534,"column":28},"end":{"line":534,"column":81}},"142":{"start":{"line":537,"column":2},"end":{"line":537,"column":53}},"143":{"start":{"line":538,"column":2},"end":{"line":538,"column":45}},"144":{"start":{"line":539,"column":2},"end":{"line":539,"column":44}},"145":{"start":{"line":540,"column":2},"end":{"line":540,"column":21}},"146":{"start":{"line":542,"column":2},"end":{"line":616,"column":3}},"147":{"start":{"line":543,"column":67},"end":{"line":543,"column":84}},"148":{"start":{"line":544,"column":34},"end":{"line":548,"column":5}},"149":{"start":{"line":550,"column":4},"end":{"line":604,"column":5}},"150":{"start":{"line":552,"column":23},"end":{"line":555,"column":9}},"151":{"start":{"line":552,"column":55},"end":{"line":555,"column":7}},"152":{"start":{"line":557,"column":21},"end":{"line":564,"column":8}},"153":{"start":{"line":566,"column":21},"end":{"line":566,"column":23}},"154":{"start":{"line":567,"column":6},"end":{"line":573,"column":7}},"155":{"start":{"line":568,"column":21},"end":{"line":568,"column":31}},"156":{"start":{"line":569,"column":8},"end":{"line":572,"column":9}},"157":{"start":{"line":570,"column":10},"end":{"line":570,"column":27}},"158":{"start":{"line":571,"column":10},"end":{"line":571,"column":68}},"159":{"start":{"line":576,"column":24},"end":{"line":576,"column":48}},"160":{"start":{"line":579,"column":23},"end":{"line":579,"column":27}},"161":{"start":{"line":580,"column":6},"end":{"line":585,"column":7}},"162":{"start":{"line":581,"column":8},"end":{"line":581,"column":43}},"163":{"start":{"line":584,"column":8},"end":{"line":584,"column":94}},"164":{"start":{"line":587,"column":6},"end":{"line":587,"column":89}},"165":{"start":{"line":588,"column":6},"end":{"line":588,"column":16}},"166":{"start":{"line":591,"column":27},"end":{"line":591,"column":66}},"167":{"start":{"line":592,"column":24},"end":{"line":592,"column":60}},"168":{"start":{"line":594,"column":6},"end":{"line":598,"column":7}},"169":{"start":{"line":594,"column":19},"end":{"line":594,"column":20}},"170":{"start":{"line":595,"column":22},"end":{"line":595,"column":55}},"171":{"start":{"line":596,"column":8},"end":{"line":596,"column":60}},"172":{"start":{"line":597,"column":8},"end":{"line":597,"column":73}},"173":{"start":{"line":597,"column":33},"end":{"line":597,"column":71}},"174":{"start":{"line":600,"column":6},"end":{"line":602,"column":8}},"175":{"start":{"line":603,"column":6},"end":{"line":603,"column":16}},"176":{"start":{"line":606,"column":4},"end":{"line":606,"column":45}},"177":{"start":{"line":607,"column":26},"end":{"line":613,"column":5}},"178":{"start":{"line":614,"column":4},"end":{"line":614,"column":88}},"179":{"start":{"line":615,"column":4},"end":{"line":615,"column":14}},"180":{"start":{"line":620,"column":0},"end":{"line":691,"column":3}},"181":{"start":{"line":621,"column":23},"end":{"line":621,"column":31}},"182":{"start":{"line":623,"column":2},"end":{"line":625,"column":3}},"183":{"start":{"line":624,"column":4},"end":{"line":624,"column":90}},"184":{"start":{"line":627,"column":18},"end":{"line":627,"column":47}},"185":{"start":{"line":628,"column":2},"end":{"line":643,"column":3}},"186":{"start":{"line":629,"column":23},"end":{"line":629,"column":53}},"187":{"start":{"line":630,"column":4},"end":{"line":641,"column":5}},"188":{"start":{"line":631,"column":6},"end":{"line":640,"column":9}},"189":{"start":{"line":642,"column":4},"end":{"line":642,"column":38}},"190":{"start":{"line":645,"column":28},"end":{"line":645,"column":81}},"191":{"start":{"line":647,"column":2},"end":{"line":690,"column":3}},"192":{"start":{"line":648,"column":67},"end":{"line":648,"column":84}},"193":{"start":{"line":649,"column":34},"end":{"line":653,"column":5}},"194":{"start":{"line":655,"column":4},"end":{"line":686,"column":5}},"195":{"start":{"line":656,"column":23},"end":{"line":659,"column":9}},"196":{"start":{"line":656,"column":55},"end":{"line":659,"column":7}},"197":{"start":{"line":661,"column":21},"end":{"line":665,"column":8}},"198":{"start":{"line":667,"column":27},"end":{"line":667,"column":54}},"199":{"start":{"line":669,"column":6},"end":{"line":681,"column":7}},"200":{"start":{"line":670,"column":8},"end":{"line":670,"column":33}},"201":{"start":{"line":671,"column":8},"end":{"line":671,"column":66}},"202":{"start":{"line":673,"column":24},"end":{"line":679,"column":10}},"203":{"start":{"line":680,"column":8},"end":{"line":680,"column":61}},"204":{"start":{"line":683,"column":27},"end":{"line":683,"column":66}},"205":{"start":{"line":684,"column":6},"end":{"line":684,"column":51}},"206":{"start":{"line":684,"column":31},"end":{"line":684,"column":49}},"207":{"start":{"line":685,"column":6},"end":{"line":685,"column":80}},"208":{"start":{"line":688,"column":4},"end":{"line":688,"column":60}},"209":{"start":{"line":689,"column":4},"end":{"line":689,"column":72}},"210":{"start":{"line":694,"column":21},"end":{"line":694,"column":71}},"211":{"start":{"line":695,"column":0},"end":{"line":703,"column":1}},"212":{"start":{"line":696,"column":2},"end":{"line":702,"column":5}},"213":{"start":{"line":697,"column":4},"end":{"line":697,"column":90}},"214":{"start":{"line":698,"column":4},"end":{"line":700,"column":6}},"215":{"start":{"line":701,"column":4},"end":{"line":701,"column":92}}},"fnMap":{"0":{"name":"sanitizeInput","decl":{"start":{"line":106,"column":9},"end":{"line":106,"column":22}},"loc":{"start":{"line":106,"column":29},"end":{"line":121,"column":1}},"line":106},"1":{"name":"sanitizeOutput","decl":{"start":{"line":143,"column":9},"end":{"line":143,"column":23}},"loc":{"start":{"line":143,"column":30},"end":{"line":152,"column":1}},"line":143},"2":{"name":"summarizeHistory","decl":{"start":{"line":162,"column":9},"end":{"line":162,"column":25}},"loc":{"start":{"line":162,"column":36},"end":{"line":181,"column":1}},"line":162},"3":{"name":"(anonymous_3)","decl":{"start":{"line":169,"column":39},"end":{"line":169,"column":40}},"loc":{"start":{"line":169,"column":46},"end":{"line":173,"column":3}},"line":169},"4":{"name":"detectLanguage","decl":{"start":{"line":191,"column":9},"end":{"line":191,"column":23}},"loc":{"start":{"line":191,"column":30},"end":{"line":210,"column":1}},"line":191},"5":{"name":"buildSystemInstruction","decl":{"start":{"line":222,"column":9},"end":{"line":222,"column":31}},"loc":{"start":{"line":222,"column":84},"end":{"line":258,"column":1}},"line":222},"6":{"name":"loadContextData","decl":{"start":{"line":265,"column":9},"end":{"line":265,"column":24}},"loc":{"start":{"line":265,"column":27},"end":{"line":314,"column":1}},"line":265},"7":{"name":"(anonymous_7)","decl":{"start":{"line":274,"column":8},"end":{"line":274,"column":9}},"loc":{"start":{"line":275,"column":10},"end":{"line":275,"column":105}},"line":275},"8":{"name":"(anonymous_8)","decl":{"start":{"line":289,"column":8},"end":{"line":289,"column":9}},"loc":{"start":{"line":290,"column":10},"end":{"line":290,"column":130}},"line":290},"9":{"name":"(anonymous_9)","decl":{"start":{"line":304,"column":8},"end":{"line":304,"column":9}},"loc":{"start":{"line":305,"column":10},"end":{"line":305,"column":99}},"line":305},"10":{"name":"getMockResponse","decl":{"start":{"line":324,"column":9},"end":{"line":324,"column":24}},"loc":{"start":{"line":324,"column":38},"end":{"line":467,"column":1}},"line":324},"11":{"name":"(anonymous_11)","decl":{"start":{"line":474,"column":23},"end":{"line":474,"column":24}},"loc":{"start":{"line":474,"column":37},"end":{"line":476,"column":1}},"line":474},"12":{"name":"(anonymous_12)","decl":{"start":{"line":480,"column":48},"end":{"line":480,"column":49}},"loc":{"start":{"line":480,"column":62},"end":{"line":496,"column":1}},"line":480},"13":{"name":"(anonymous_13)","decl":{"start":{"line":501,"column":50},"end":{"line":501,"column":51}},"loc":{"start":{"line":501,"column":70},"end":{"line":617,"column":1}},"line":501},"14":{"name":"(anonymous_14)","decl":{"start":{"line":552,"column":45},"end":{"line":552,"column":46}},"loc":{"start":{"line":552,"column":55},"end":{"line":555,"column":7}},"line":552},"15":{"name":"(anonymous_15)","decl":{"start":{"line":597,"column":26},"end":{"line":597,"column":27}},"loc":{"start":{"line":597,"column":33},"end":{"line":597,"column":71}},"line":597},"16":{"name":"(anonymous_16)","decl":{"start":{"line":620,"column":43},"end":{"line":620,"column":44}},"loc":{"start":{"line":620,"column":63},"end":{"line":691,"column":1}},"line":620},"17":{"name":"(anonymous_17)","decl":{"start":{"line":656,"column":45},"end":{"line":656,"column":46}},"loc":{"start":{"line":656,"column":55},"end":{"line":659,"column":7}},"line":656},"18":{"name":"(anonymous_18)","decl":{"start":{"line":684,"column":24},"end":{"line":684,"column":25}},"loc":{"start":{"line":684,"column":31},"end":{"line":684,"column":49}},"line":684},"19":{"name":"(anonymous_19)","decl":{"start":{"line":696,"column":19},"end":{"line":696,"column":20}},"loc":{"start":{"line":696,"column":25},"end":{"line":702,"column":3}},"line":696}},"branchMap":{"0":{"loc":{"start":{"line":21,"column":13},"end":{"line":21,"column":37}},"type":"binary-expr","locations":[{"start":{"line":21,"column":13},"end":{"line":21,"column":29}},{"start":{"line":21,"column":33},"end":{"line":21,"column":37}}],"line":21},"1":{"loc":{"start":{"line":43,"column":0},"end":{"line":52,"column":1}},"type":"if","locations":[{"start":{"line":43,"column":0},"end":{"line":52,"column":1}},{"start":{"line":50,"column":7},"end":{"line":52,"column":1}}],"line":43},"2":{"loc":{"start":{"line":43,"column":4},"end":{"line":43,"column":53}},"type":"binary-expr","locations":[{"start":{"line":43,"column":4},"end":{"line":43,"column":11}},{"start":{"line":43,"column":15},"end":{"line":43,"column":53}}],"line":43},"3":{"loc":{"start":{"line":107,"column":2},"end":{"line":107,"column":85}},"type":"if","locations":[{"start":{"line":107,"column":2},"end":{"line":107,"column":85}},{"start":{},"end":{}}],"line":107},"4":{"loc":{"start":{"line":108,"column":2},"end":{"line":109,"column":87}},"type":"if","locations":[{"start":{"line":108,"column":2},"end":{"line":109,"column":87}},{"start":{},"end":{}}],"line":108},"5":{"loc":{"start":{"line":110,"column":2},"end":{"line":110,"column":80}},"type":"if","locations":[{"start":{"line":110,"column":2},"end":{"line":110,"column":80}},{"start":{},"end":{}}],"line":110},"6":{"loc":{"start":{"line":113,"column":4},"end":{"line":115,"column":5}},"type":"if","locations":[{"start":{"line":113,"column":4},"end":{"line":115,"column":5}},{"start":{},"end":{}}],"line":113},"7":{"loc":{"start":{"line":144,"column":2},"end":{"line":144,"column":44}},"type":"if","locations":[{"start":{"line":144,"column":2},"end":{"line":144,"column":44}},{"start":{},"end":{}}],"line":144},"8":{"loc":{"start":{"line":163,"column":2},"end":{"line":163,"column":58}},"type":"if","locations":[{"start":{"line":163,"column":2},"end":{"line":163,"column":58}},{"start":{},"end":{}}],"line":163},"9":{"loc":{"start":{"line":163,"column":6},"end":{"line":163,"column":40}},"type":"binary-expr","locations":[{"start":{"line":163,"column":6},"end":{"line":163,"column":15}},{"start":{"line":163,"column":19},"end":{"line":163,"column":40}}],"line":163},"10":{"loc":{"start":{"line":170,"column":17},"end":{"line":170,"column":71}},"type":"cond-expr","locations":[{"start":{"line":170,"column":37},"end":{"line":170,"column":48}},{"start":{"line":170,"column":51},"end":{"line":170,"column":71}}],"line":170},"11":{"loc":{"start":{"line":171,"column":21},"end":{"line":171,"column":36}},"type":"binary-expr","locations":[{"start":{"line":171,"column":21},"end":{"line":171,"column":30}},{"start":{"line":171,"column":34},"end":{"line":171,"column":36}}],"line":171},"12":{"loc":{"start":{"line":192,"column":2},"end":{"line":192,"column":25}},"type":"if","locations":[{"start":{"line":192,"column":2},"end":{"line":192,"column":25}},{"start":{},"end":{}}],"line":192},"13":{"loc":{"start":{"line":195,"column":2},"end":{"line":195,"column":48}},"type":"if","locations":[{"start":{"line":195,"column":2},"end":{"line":195,"column":48}},{"start":{},"end":{}}],"line":195},"14":{"loc":{"start":{"line":196,"column":2},"end":{"line":196,"column":48}},"type":"if","locations":[{"start":{"line":196,"column":2},"end":{"line":196,"column":48}},{"start":{},"end":{}}],"line":196},"15":{"loc":{"start":{"line":197,"column":2},"end":{"line":197,"column":61}},"type":"if","locations":[{"start":{"line":197,"column":2},"end":{"line":197,"column":61}},{"start":{},"end":{}}],"line":197},"16":{"loc":{"start":{"line":198,"column":2},"end":{"line":198,"column":48}},"type":"if","locations":[{"start":{"line":198,"column":2},"end":{"line":198,"column":48}},{"start":{},"end":{}}],"line":198},"17":{"loc":{"start":{"line":199,"column":2},"end":{"line":199,"column":48}},"type":"if","locations":[{"start":{"line":199,"column":2},"end":{"line":199,"column":48}},{"start":{},"end":{}}],"line":199},"18":{"loc":{"start":{"line":203,"column":2},"end":{"line":204,"column":16}},"type":"if","locations":[{"start":{"line":203,"column":2},"end":{"line":204,"column":16}},{"start":{},"end":{}}],"line":203},"19":{"loc":{"start":{"line":205,"column":2},"end":{"line":205,"column":98}},"type":"if","locations":[{"start":{"line":205,"column":2},"end":{"line":205,"column":98}},{"start":{},"end":{}}],"line":205},"20":{"loc":{"start":{"line":206,"column":2},"end":{"line":206,"column":78}},"type":"if","locations":[{"start":{"line":206,"column":2},"end":{"line":206,"column":78}},{"start":{},"end":{}}],"line":206},"21":{"loc":{"start":{"line":207,"column":2},"end":{"line":207,"column":83}},"type":"if","locations":[{"start":{"line":207,"column":2},"end":{"line":207,"column":83}},{"start":{},"end":{}}],"line":207},"22":{"loc":{"start":{"line":225,"column":2},"end":{"line":229,"column":3}},"type":"if","locations":[{"start":{"line":225,"column":2},"end":{"line":229,"column":3}},{"start":{"line":227,"column":9},"end":{"line":229,"column":3}}],"line":225},"23":{"loc":{"start":{"line":327,"column":2},"end":{"line":335,"column":3}},"type":"if","locations":[{"start":{"line":327,"column":2},"end":{"line":335,"column":3}},{"start":{},"end":{}}],"line":327},"24":{"loc":{"start":{"line":327,"column":6},"end":{"line":327,"column":72}},"type":"binary-expr","locations":[{"start":{"line":327,"column":6},"end":{"line":327,"column":27}},{"start":{"line":327,"column":31},"end":{"line":327,"column":49}},{"start":{"line":327,"column":53},"end":{"line":327,"column":72}}],"line":327},"25":{"loc":{"start":{"line":336,"column":2},"end":{"line":354,"column":3}},"type":"if","locations":[{"start":{"line":336,"column":2},"end":{"line":354,"column":3}},{"start":{},"end":{}}],"line":336},"26":{"loc":{"start":{"line":337,"column":4},"end":{"line":341,"column":28}},"type":"binary-expr","locations":[{"start":{"line":337,"column":4},"end":{"line":337,"column":24}},{"start":{"line":338,"column":4},"end":{"line":338,"column":25}},{"start":{"line":339,"column":4},"end":{"line":339,"column":30}},{"start":{"line":340,"column":4},"end":{"line":340,"column":27}},{"start":{"line":341,"column":4},"end":{"line":341,"column":28}}],"line":337},"27":{"loc":{"start":{"line":355,"column":2},"end":{"line":373,"column":3}},"type":"if","locations":[{"start":{"line":355,"column":2},"end":{"line":373,"column":3}},{"start":{},"end":{}}],"line":355},"28":{"loc":{"start":{"line":356,"column":4},"end":{"line":361,"column":28}},"type":"binary-expr","locations":[{"start":{"line":356,"column":4},"end":{"line":356,"column":30}},{"start":{"line":357,"column":4},"end":{"line":357,"column":30}},{"start":{"line":358,"column":4},"end":{"line":358,"column":28}},{"start":{"line":359,"column":4},"end":{"line":359,"column":24}},{"start":{"line":360,"column":4},"end":{"line":360,"column":27}},{"start":{"line":361,"column":4},"end":{"line":361,"column":28}}],"line":356},"29":{"loc":{"start":{"line":374,"column":2},"end":{"line":405,"column":3}},"type":"if","locations":[{"start":{"line":374,"column":2},"end":{"line":405,"column":3}},{"start":{},"end":{}}],"line":374},"30":{"loc":{"start":{"line":375,"column":4},"end":{"line":380,"column":26}},"type":"binary-expr","locations":[{"start":{"line":375,"column":4},"end":{"line":375,"column":24}},{"start":{"line":376,"column":4},"end":{"line":376,"column":26}},{"start":{"line":377,"column":4},"end":{"line":377,"column":24}},{"start":{"line":378,"column":4},"end":{"line":378,"column":30}},{"start":{"line":379,"column":4},"end":{"line":379,"column":23}},{"start":{"line":380,"column":4},"end":{"line":380,"column":26}}],"line":375},"31":{"loc":{"start":{"line":406,"column":2},"end":{"line":439,"column":3}},"type":"if","locations":[{"start":{"line":406,"column":2},"end":{"line":439,"column":3}},{"start":{},"end":{}}],"line":406},"32":{"loc":{"start":{"line":407,"column":4},"end":{"line":414,"column":24}},"type":"binary-expr","locations":[{"start":{"line":407,"column":4},"end":{"line":407,"column":27}},{"start":{"line":408,"column":4},"end":{"line":408,"column":25}},{"start":{"line":409,"column":4},"end":{"line":409,"column":23}},{"start":{"line":410,"column":4},"end":{"line":410,"column":29}},{"start":{"line":411,"column":4},"end":{"line":411,"column":24}},{"start":{"line":412,"column":4},"end":{"line":412,"column":24}},{"start":{"line":413,"column":4},"end":{"line":413,"column":29}},{"start":{"line":414,"column":4},"end":{"line":414,"column":24}}],"line":407},"33":{"loc":{"start":{"line":440,"column":2},"end":{"line":458,"column":3}},"type":"if","locations":[{"start":{"line":440,"column":2},"end":{"line":458,"column":3}},{"start":{},"end":{}}],"line":440},"34":{"loc":{"start":{"line":441,"column":4},"end":{"line":446,"column":27}},"type":"binary-expr","locations":[{"start":{"line":441,"column":4},"end":{"line":441,"column":29}},{"start":{"line":442,"column":4},"end":{"line":442,"column":27}},{"start":{"line":443,"column":4},"end":{"line":443,"column":24}},{"start":{"line":444,"column":4},"end":{"line":444,"column":24}},{"start":{"line":445,"column":4},"end":{"line":445,"column":26}},{"start":{"line":446,"column":4},"end":{"line":446,"column":27}}],"line":441},"35":{"loc":{"start":{"line":475,"column":33},"end":{"line":475,"column":53}},"type":"cond-expr","locations":[{"start":{"line":475,"column":38},"end":{"line":475,"column":44}},{"start":{"line":475,"column":47},"end":{"line":475,"column":53}}],"line":475},"36":{"loc":{"start":{"line":504,"column":2},"end":{"line":506,"column":3}},"type":"if","locations":[{"start":{"line":504,"column":2},"end":{"line":506,"column":3}},{"start":{},"end":{}}],"line":504},"37":{"loc":{"start":{"line":504,"column":6},"end":{"line":504,"column":43}},"type":"binary-expr","locations":[{"start":{"line":504,"column":6},"end":{"line":504,"column":15}},{"start":{"line":504,"column":19},"end":{"line":504,"column":43}}],"line":504},"38":{"loc":{"start":{"line":510,"column":2},"end":{"line":528,"column":3}},"type":"if","locations":[{"start":{"line":510,"column":2},"end":{"line":528,"column":3}},{"start":{},"end":{}}],"line":510},"39":{"loc":{"start":{"line":512,"column":4},"end":{"line":526,"column":5}},"type":"if","locations":[{"start":{"line":512,"column":4},"end":{"line":526,"column":5}},{"start":{},"end":{}}],"line":512},"40":{"loc":{"start":{"line":531,"column":38},"end":{"line":531,"column":60}},"type":"binary-expr","locations":[{"start":{"line":531,"column":38},"end":{"line":531,"column":54}},{"start":{"line":531,"column":58},"end":{"line":531,"column":60}}],"line":531},"41":{"loc":{"start":{"line":550,"column":4},"end":{"line":604,"column":5}},"type":"if","locations":[{"start":{"line":550,"column":4},"end":{"line":604,"column":5}},{"start":{"line":589,"column":11},"end":{"line":604,"column":5}}],"line":550},"42":{"loc":{"start":{"line":553,"column":14},"end":{"line":553,"column":53}},"type":"cond-expr","locations":[{"start":{"line":553,"column":37},"end":{"line":553,"column":44}},{"start":{"line":553,"column":47},"end":{"line":553,"column":53}}],"line":553},"43":{"loc":{"start":{"line":569,"column":8},"end":{"line":572,"column":9}},"type":"if","locations":[{"start":{"line":569,"column":8},"end":{"line":572,"column":9}},{"start":{},"end":{}}],"line":569},"44":{"loc":{"start":{"line":591,"column":43},"end":{"line":591,"column":65}},"type":"binary-expr","locations":[{"start":{"line":591,"column":43},"end":{"line":591,"column":59}},{"start":{"line":591,"column":63},"end":{"line":591,"column":65}}],"line":591},"45":{"loc":{"start":{"line":592,"column":25},"end":{"line":592,"column":48}},"type":"binary-expr","locations":[{"start":{"line":592,"column":25},"end":{"line":592,"column":42}},{"start":{"line":592,"column":46},"end":{"line":592,"column":48}}],"line":592},"46":{"loc":{"start":{"line":595,"column":23},"end":{"line":595,"column":39}},"type":"cond-expr","locations":[{"start":{"line":595,"column":31},"end":{"line":595,"column":34}},{"start":{"line":595,"column":37},"end":{"line":595,"column":39}}],"line":595},"47":{"loc":{"start":{"line":623,"column":2},"end":{"line":625,"column":3}},"type":"if","locations":[{"start":{"line":623,"column":2},"end":{"line":625,"column":3}},{"start":{},"end":{}}],"line":623},"48":{"loc":{"start":{"line":623,"column":6},"end":{"line":623,"column":43}},"type":"binary-expr","locations":[{"start":{"line":623,"column":6},"end":{"line":623,"column":15}},{"start":{"line":623,"column":19},"end":{"line":623,"column":43}}],"line":623},"49":{"loc":{"start":{"line":628,"column":2},"end":{"line":643,"column":3}},"type":"if","locations":[{"start":{"line":628,"column":2},"end":{"line":643,"column":3}},{"start":{},"end":{}}],"line":628},"50":{"loc":{"start":{"line":630,"column":4},"end":{"line":641,"column":5}},"type":"if","locations":[{"start":{"line":630,"column":4},"end":{"line":641,"column":5}},{"start":{},"end":{}}],"line":630},"51":{"loc":{"start":{"line":655,"column":4},"end":{"line":686,"column":5}},"type":"if","locations":[{"start":{"line":655,"column":4},"end":{"line":686,"column":5}},{"start":{"line":682,"column":11},"end":{"line":686,"column":5}}],"line":655},"52":{"loc":{"start":{"line":657,"column":14},"end":{"line":657,"column":53}},"type":"cond-expr","locations":[{"start":{"line":657,"column":37},"end":{"line":657,"column":44}},{"start":{"line":657,"column":47},"end":{"line":657,"column":53}}],"line":657},"53":{"loc":{"start":{"line":683,"column":43},"end":{"line":683,"column":65}},"type":"binary-expr","locations":[{"start":{"line":683,"column":43},"end":{"line":683,"column":59}},{"start":{"line":683,"column":63},"end":{"line":683,"column":65}}],"line":683},"54":{"loc":{"start":{"line":695,"column":0},"end":{"line":703,"column":1}},"type":"if","locations":[{"start":{"line":695,"column":0},"end":{"line":703,"column":1}},{"start":{},"end":{}}],"line":695},"55":{"loc":{"start":{"line":701,"column":38},"end":{"line":701,"column":88}},"type":"cond-expr","locations":[{"start":{"line":701,"column":43},"end":{"line":701,"column":62}},{"start":{"line":701,"column":65},"end":{"line":701,"column":88}}],"line":701}},"s":{"0":1,"1":1,"2":1,"3":1,"4":1,"5":1,"6":1,"7":1,"8":1,"9":1,"10":1,"11":1,"12":1,"13":1,"14":1,"15":1,"16":1,"17":1,"18":1,"19":0,"20":0,"21":1,"22":1,"23":1,"24":1,"25":1,"26":1,"27":1,"28":0,"29":1,"30":0,"31":1,"32":0,"33":1,"34":1,"35":1,"36":0,"37":0,"38":1,"39":0,"40":0,"41":0,"42":0,"43":0,"44":0,"45":0,"46":0,"47":0,"48":0,"49":0,"50":0,"51":0,"52":0,"53":0,"54":0,"55":0,"56":0,"57":0,"58":0,"59":0,"60":0,"61":0,"62":0,"63":0,"64":0,"65":0,"66":0,"67":0,"68":0,"69":0,"70":0,"71":0,"72":0,"73":0,"74":0,"75":0,"76":0,"77":0,"78":0,"79":0,"80":0,"81":0,"82":0,"83":0,"84":0,"85":0,"86":0,"87":0,"88":0,"89":0,"90":0,"91":0,"92":0,"93":0,"94":0,"95":0,"96":0,"97":0,"98":0,"99":0,"100":0,"101":0,"102":0,"103":0,"104":0,"105":0,"106":0,"107":0,"108":0,"109":0,"110":0,"111":0,"112":0,"113":1,"114":2,"115":1,"116":1,"117":1,"118":1,"119":1,"120":1,"121":1,"122":0,"123":0,"124":1,"125":0,"126":0,"127":0,"128":0,"129":0,"130":0,"131":0,"132":0,"133":0,"134":0,"135":0,"136":0,"137":0,"138":0,"139":0,"140":0,"141":0,"142":0,"143":0,"144":0,"145":0,"146":0,"147":0,"148":0,"149":0,"150":0,"151":0,"152":0,"153":0,"154":0,"155":0,"156":0,"157":0,"158":0,"159":0,"160":0,"161":0,"162":0,"163":0,"164":0,"165":0,"166":0,"167":0,"168":0,"169":0,"170":0,"171":0,"172":0,"173":0,"174":0,"175":0,"176":0,"177":0,"178":0,"179":0,"180":1,"181":2,"182":2,"183":1,"184":1,"185":1,"186":1,"187":1,"188":1,"189":0,"190":0,"191":0,"192":0,"193":0,"194":0,"195":0,"196":0,"197":0,"198":0,"199":0,"200":0,"201":0,"202":0,"203":0,"204":0,"205":0,"206":0,"207":0,"208":0,"209":0,"210":1,"211":1,"212":0,"213":0,"214":0,"215":0},"f":{"0":1,"1":0,"2":0,"3":0,"4":0,"5":0,"6":0,"7":0,"8":0,"9":0,"10":0,"11":2,"12":1,"13":0,"14":0,"15":0,"16":2,"17":0,"18":0,"19":0},"b":{"0":[1,0],"1":[1,0],"2":[1,1],"3":[0,1],"4":[0,1],"5":[0,1],"6":[1,0],"7":[0,0],"8":[0,0],"9":[0,0],"10":[0,0],"11":[0,0],"12":[0,0],"13":[0,0],"14":[0,0],"15":[0,0],"16":[0,0],"17":[0,0],"18":[0,0],"19":[0,0],"20":[0,0],"21":[0,0],"22":[0,0],"23":[0,0],"24":[0,0,0],"25":[0,0],"26":[0,0,0,0,0],"27":[0,0],"28":[0,0,0,0,0,0],"29":[0,0],"30":[0,0,0,0,0,0],"31":[0,0],"32":[0,0,0,0,0,0,0,0],"33":[0,0],"34":[0,0,0,0,0,0],"35":[2,0],"36":[0,0],"37":[0,0],"38":[0,0],"39":[0,0],"40":[0,0],"41":[0,0],"42":[0,0],"43":[0,0],"44":[0,0],"45":[0,0],"46":[0,0],"47":[1,1],"48":[2,2],"49":[1,0],"50":[1,0],"51":[0,0],"52":[0,0],"53":[0,0],"54":[0,1],"55":[0,0]},"_coverageSchema":"1a1c01bbd47fc00a2c39e90264f33305004495a9","hash":"95ae136ee7263cfe76c89be98ccb62844eb34c72"}
}
