TN:
SF:server.js
FN:106,sanitizeInput
FN:143,sanitizeOutput
FN:162,summarizeHistory
FN:169,(anonymous_3)
FN:191,detectLanguage
FN:222,buildSystemInstruction
FN:265,loadContextData
FN:274,(anonymous_7)
FN:289,(anonymous_8)
FN:304,(anonymous_9)
FN:324,getMockResponse
FN:474,(anonymous_11)
FN:480,(anonymous_12)
FN:501,(anonymous_13)
FN:552,(anonymous_14)
FN:597,(anonymous_15)
FN:620,(anonymous_16)
FN:656,(anonymous_17)
FN:684,(anonymous_18)
FN:696,(anonymous_19)
FNF:20
FNH:12
FNDA:4,sanitizeInput
FNDA:2,sanitizeOutput
FNDA:2,summarizeHistory
FNDA:0,(anonymous_3)
FNDA:1,detectLanguage
FNDA:2,buildSystemInstruction
FNDA:2,loadContextData
FNDA:0,(anonymous_7)
FNDA:0,(anonymous_8)
FNDA:0,(anonymous_9)
FNDA:0,getMockResponse
FNDA:1,(anonymous_11)
FNDA:2,(anonymous_12)
FNDA:3,(anonymous_13)
FNDA:1,(anonymous_14)
FNDA:0,(anonymous_15)
FNDA:3,(anonymous_16)
FNDA:1,(anonymous_17)
FNDA:0,(anonymous_18)
FNDA:0,(anonymous_19)
DA:15,1
DA:17,1
DA:18,1
DA:20,1
DA:21,1
DA:24,1
DA:29,1
DA:30,1
DA:31,1
DA:32,1
DA:33,1
DA:34,1
DA:36,1
DA:41,1
DA:42,1
DA:43,1
DA:44,1
DA:45,1
DA:46,1
DA:48,0
DA:51,0
DA:57,1
DA:58,1
DA:60,1
DA:81,1
DA:98,1
DA:99,1
DA:107,4
DA:108,4
DA:109,0
DA:110,4
DA:112,4
DA:113,30
DA:114,2
DA:119,2
DA:120,2
DA:126,1
DA:144,2
DA:146,2
DA:147,2
DA:148,18
DA:151,2
DA:163,2
DA:166,0
DA:167,0
DA:169,0
DA:170,0
DA:171,0
DA:172,0
DA:175,0
DA:180,0
DA:192,1
DA:195,1
DA:196,1
DA:197,1
DA:198,1
DA:199,1
DA:202,1
DA:203,1
DA:204,0
DA:205,1
DA:206,1
DA:207,1
DA:209,1
DA:223,2
DA:224,2
DA:225,2
DA:226,2
DA:228,0
DA:231,2
DA:268,2
DA:269,2
DA:272,0
DA:275,0
DA:279,2
DA:283,2
DA:284,2
DA:287,0
DA:290,0
DA:294,2
DA:298,2
DA:299,2
DA:302,0
DA:305,0
DA:309,2
DA:313,2
DA:325,0
DA:327,0
DA:328,0
DA:336,0
DA:343,0
DA:355,0
DA:363,0
DA:374,0
DA:382,0
DA:406,0
DA:416,0
DA:440,0
DA:448,0
DA:460,0
DA:474,1
DA:475,1
DA:479,1
DA:480,1
DA:481,2
DA:482,2
DA:485,1
DA:488,1
DA:491,1
DA:493,1
DA:494,1
DA:501,1
DA:502,3
DA:504,3
DA:505,1
DA:509,2
DA:510,2
DA:511,2
DA:512,2
DA:513,1
DA:514,1
DA:515,1
DA:516,1
DA:517,1
DA:524,1
DA:525,1
DA:527,1
DA:531,1
DA:534,1
DA:537,1
DA:538,1
DA:539,1
DA:540,1
DA:542,1
DA:543,1
DA:544,1
DA:550,1
DA:552,1
DA:557,1
DA:566,1
DA:567,1
DA:568,3
DA:569,3
DA:570,3
DA:571,3
DA:576,1
DA:579,1
DA:580,1
DA:581,1
DA:584,0
DA:587,1
DA:588,1
DA:591,0
DA:592,0
DA:594,0
DA:595,0
DA:596,0
DA:597,0
DA:600,0
DA:603,0
DA:606,0
DA:607,0
DA:614,0
DA:615,0
DA:620,1
DA:621,3
DA:623,3
DA:624,1
DA:627,2
DA:628,2
DA:629,2
DA:630,2
DA:631,1
DA:642,1
DA:645,1
DA:647,1
DA:648,1
DA:649,1
DA:655,1
DA:656,1
DA:661,1
DA:667,1
DA:669,1
DA:670,1
DA:671,1
DA:673,0
DA:680,0
DA:683,0
DA:684,0
DA:685,0
DA:688,0
DA:689,0
DA:694,1
DA:695,1
DA:696,0
DA:697,0
DA:698,0
DA:701,0
LF:198
LH:141
BRDA:21,0,0,1
BRDA:21,0,1,0
BRDA:43,1,0,1
BRDA:43,1,1,0
BRDA:43,2,0,1
BRDA:43,2,1,1
BRDA:107,3,0,0
BRDA:107,3,1,4
BRDA:108,4,0,0
BRDA:108,4,1,4
BRDA:110,5,0,0
BRDA:110,5,1,4
BRDA:113,6,0,2
BRDA:113,6,1,28
BRDA:144,7,0,0
BRDA:144,7,1,2
BRDA:163,8,0,2
BRDA:163,8,1,0
BRDA:163,9,0,2
BRDA:163,9,1,2
BRDA:170,10,0,0
BRDA:170,10,1,0
BRDA:171,11,0,0
BRDA:171,11,1,0
BRDA:192,12,0,0
BRDA:192,12,1,1
BRDA:195,13,0,0
BRDA:195,13,1,1
BRDA:196,14,0,0
BRDA:196,14,1,1
BRDA:197,15,0,0
BRDA:197,15,1,1
BRDA:198,16,0,0
BRDA:198,16,1,1
BRDA:199,17,0,0
BRDA:199,17,1,1
BRDA:203,18,0,0
BRDA:203,18,1,1
BRDA:205,19,0,0
BRDA:205,19,1,1
BRDA:206,20,0,0
BRDA:206,20,1,1
BRDA:207,21,0,0
BRDA:207,21,1,1
BRDA:225,22,0,2
BRDA:225,22,1,0
BRDA:327,23,0,0
BRDA:327,23,1,0
BRDA:327,24,0,0
BRDA:327,24,1,0
BRDA:327,24,2,0
BRDA:336,25,0,0
BRDA:336,25,1,0
BRDA:337,26,0,0
BRDA:337,26,1,0
BRDA:337,26,2,0
BRDA:337,26,3,0
BRDA:337,26,4,0
BRDA:355,27,0,0
BRDA:355,27,1,0
BRDA:356,28,0,0
BRDA:356,28,1,0
BRDA:356,28,2,0
BRDA:356,28,3,0
BRDA:356,28,4,0
BRDA:356,28,5,0
BRDA:374,29,0,0
BRDA:374,29,1,0
BRDA:375,30,0,0
BRDA:375,30,1,0
BRDA:375,30,2,0
BRDA:375,30,3,0
BRDA:375,30,4,0
BRDA:375,30,5,0
BRDA:406,31,0,0
BRDA:406,31,1,0
BRDA:407,32,0,0
BRDA:407,32,1,0
BRDA:407,32,2,0
BRDA:407,32,3,0
BRDA:407,32,4,0
BRDA:407,32,5,0
BRDA:407,32,6,0
BRDA:407,32,7,0
BRDA:440,33,0,0
BRDA:440,33,1,0
BRDA:441,34,0,0
BRDA:441,34,1,0
BRDA:441,34,2,0
BRDA:441,34,3,0
BRDA:441,34,4,0
BRDA:441,34,5,0
BRDA:475,35,0,1
BRDA:475,35,1,0
BRDA:504,36,0,1
BRDA:504,36,1,2
BRDA:504,37,0,3
BRDA:504,37,1,2
BRDA:510,38,0,2
BRDA:510,38,1,0
BRDA:512,39,0,1
BRDA:512,39,1,1
BRDA:531,40,0,1
BRDA:531,40,1,0
BRDA:550,41,0,1
BRDA:550,41,1,0
BRDA:553,42,0,0
BRDA:553,42,1,1
BRDA:569,43,0,3
BRDA:569,43,1,0
BRDA:591,44,0,0
BRDA:591,44,1,0
BRDA:592,45,0,0
BRDA:592,45,1,0
BRDA:595,46,0,0
BRDA:595,46,1,0
BRDA:623,47,0,1
BRDA:623,47,1,2
BRDA:623,48,0,3
BRDA:623,48,1,3
BRDA:628,49,0,2
BRDA:628,49,1,0
BRDA:630,50,0,1
BRDA:630,50,1,1
BRDA:655,51,0,1
BRDA:655,51,1,0
BRDA:657,52,0,0
BRDA:657,52,1,1
BRDA:683,53,0,0
BRDA:683,53,1,0
BRDA:695,54,0,0
BRDA:695,54,1,1
BRDA:701,55,0,0
BRDA:701,55,1,0
BRF:134
BRH:46
end_of_record
